  [1m[35m (1.0ms)[0m  [1m[35mCREATE TABLE "schema_migrations" ("version" varchar NOT NULL PRIMARY KEY)[0m
  [1m[35m (0.8ms)[0m  [1m[35mCREATE TABLE "ar_internal_metadata" ("key" varchar NOT NULL PRIMARY KEY, "value" varchar, "created_at" datetime NOT NULL, "updated_at" datetime NOT NULL)[0m
  [1m[36mActiveRecord::SchemaMigration Load (0.1ms)[0m  [1m[34mSELECT "schema_migrations".* FROM "schema_migrations"[0m
Migrating to CreateUsers (20160926213617)
  [1m[35m (0.1ms)[0m  [1m[36mbegin transaction[0m
  [1m[35m (0.3ms)[0m  [1m[35mCREATE TABLE "users" ("id" INTEGER PRIMARY KEY AUTOINCREMENT NOT NULL, "name" varchar, "email" varchar, "created_at" datetime NOT NULL, "updated_at" datetime NOT NULL)[0m
  [1m[35mSQL (0.2ms)[0m  [1m[32mINSERT INTO "schema_migrations" ("version") VALUES (?)[0m  [["version", "20160926213617"]]
  [1m[35m (0.7ms)[0m  [1m[36mcommit transaction[0m
Migrating to CreateVoyages (20160926213908)
  [1m[35m (0.1ms)[0m  [1m[36mbegin transaction[0m
  [1m[35m (0.4ms)[0m  [1m[35mCREATE TABLE "voyages" ("id" INTEGER PRIMARY KEY AUTOINCREMENT NOT NULL, "title" varchar, "captain_id" integer, "created_at" datetime NOT NULL, "updated_at" datetime NOT NULL)[0m
  [1m[35mSQL (0.2ms)[0m  [1m[32mINSERT INTO "schema_migrations" ("version") VALUES (?)[0m  [["version", "20160926213908"]]
  [1m[35m (0.8ms)[0m  [1m[36mcommit transaction[0m
Migrating to CreateReservations (20160926230912)
  [1m[35m (0.1ms)[0m  [1m[36mbegin transaction[0m
  [1m[35m (0.4ms)[0m  [1m[35mCREATE TABLE "reservations" ("id" INTEGER PRIMARY KEY AUTOINCREMENT NOT NULL, "passenger_id" integer, "voyage_id" integer, "created_at" datetime NOT NULL, "updated_at" datetime NOT NULL)[0m
  [1m[35mSQL (0.2ms)[0m  [1m[32mINSERT INTO "schema_migrations" ("version") VALUES (?)[0m  [["version", "20160926230912"]]
  [1m[35m (0.8ms)[0m  [1m[36mcommit transaction[0m
Migrating to SorceryCore (20160927193750)
  [1m[35m (0.1ms)[0m  [1m[36mbegin transaction[0m
DEPRECATION WARNING: Directly inheriting from ActiveRecord::Migration is deprecated. Please specify the Rails release the migration was written for:

  class SorceryCore < ActiveRecord::Migration[4.2] (called from load at /Users/chrisdielschnieder/.rbenv/versions/2.3.1/bin/rake:22)
  [1m[35m (0.3ms)[0m  [1m[35mCREATE TABLE "users" ("id" INTEGER PRIMARY KEY AUTOINCREMENT NOT NULL, "email" varchar NOT NULL, "crypted_password" varchar, "salt" varchar, "created_at" datetime, "updated_at" datetime)[0m
  [1m[35m (0.1ms)[0m  [1m[31mrollback transaction[0m
Started GET "/" for ::1 at 2016-09-27 15:41:06 -0400
  [1m[36mActiveRecord::SchemaMigration Load (0.4ms)[0m  [1m[34mSELECT "schema_migrations".* FROM "schema_migrations"[0m
  
ActiveRecord::PendingMigrationError (

Migrations are pending. To resolve this issue, run:

	bin/rails db:migrate RAILS_ENV=development

):
  
activerecord (5.0.0.1) lib/active_record/migration.rb:572:in `check_pending!'
activerecord (5.0.0.1) lib/active_record/migration.rb:548:in `call'
actionpack (5.0.0.1) lib/action_dispatch/middleware/callbacks.rb:38:in `block in call'
activesupport (5.0.0.1) lib/active_support/callbacks.rb:97:in `__run_callbacks__'
activesupport (5.0.0.1) lib/active_support/callbacks.rb:750:in `_run_call_callbacks'
activesupport (5.0.0.1) lib/active_support/callbacks.rb:90:in `run_callbacks'
actionpack (5.0.0.1) lib/action_dispatch/middleware/callbacks.rb:36:in `call'
actionpack (5.0.0.1) lib/action_dispatch/middleware/executor.rb:12:in `call'
actionpack (5.0.0.1) lib/action_dispatch/middleware/remote_ip.rb:79:in `call'
actionpack (5.0.0.1) lib/action_dispatch/middleware/debug_exceptions.rb:49:in `call'
web-console (3.3.1) lib/web_console/middleware.rb:131:in `call_app'
web-console (3.3.1) lib/web_console/middleware.rb:28:in `block in call'
web-console (3.3.1) lib/web_console/middleware.rb:18:in `catch'
web-console (3.3.1) lib/web_console/middleware.rb:18:in `call'
actionpack (5.0.0.1) lib/action_dispatch/middleware/show_exceptions.rb:31:in `call'
railties (5.0.0.1) lib/rails/rack/logger.rb:36:in `call_app'
railties (5.0.0.1) lib/rails/rack/logger.rb:24:in `block in call'
activesupport (5.0.0.1) lib/active_support/tagged_logging.rb:70:in `block in tagged'
activesupport (5.0.0.1) lib/active_support/tagged_logging.rb:26:in `tagged'
activesupport (5.0.0.1) lib/active_support/tagged_logging.rb:70:in `tagged'
railties (5.0.0.1) lib/rails/rack/logger.rb:24:in `call'
sprockets-rails (3.2.0) lib/sprockets/rails/quiet_assets.rb:13:in `call'
actionpack (5.0.0.1) lib/action_dispatch/middleware/request_id.rb:24:in `call'
rack (2.0.1) lib/rack/method_override.rb:22:in `call'
rack (2.0.1) lib/rack/runtime.rb:22:in `call'
activesupport (5.0.0.1) lib/active_support/cache/strategy/local_cache_middleware.rb:28:in `call'
actionpack (5.0.0.1) lib/action_dispatch/middleware/executor.rb:12:in `call'
actionpack (5.0.0.1) lib/action_dispatch/middleware/static.rb:136:in `call'
rack (2.0.1) lib/rack/sendfile.rb:111:in `call'
railties (5.0.0.1) lib/rails/engine.rb:522:in `call'
puma (3.6.0) lib/puma/configuration.rb:225:in `call'
puma (3.6.0) lib/puma/server.rb:578:in `handle_request'
puma (3.6.0) lib/puma/server.rb:415:in `process_client'
puma (3.6.0) lib/puma/server.rb:275:in `block in run'
puma (3.6.0) lib/puma/thread_pool.rb:116:in `block in spawn_thread'
  Rendering /Users/chrisdielschnieder/.rbenv/versions/2.3.1/lib/ruby/gems/2.3.0/gems/actionpack-5.0.0.1/lib/action_dispatch/middleware/templates/rescues/diagnostics.html.erb within rescues/layout
  Rendering /Users/chrisdielschnieder/.rbenv/versions/2.3.1/lib/ruby/gems/2.3.0/gems/actionpack-5.0.0.1/lib/action_dispatch/middleware/templates/rescues/_source.html.erb
  Rendered /Users/chrisdielschnieder/.rbenv/versions/2.3.1/lib/ruby/gems/2.3.0/gems/actionpack-5.0.0.1/lib/action_dispatch/middleware/templates/rescues/_source.html.erb (3.1ms)
  Rendering /Users/chrisdielschnieder/.rbenv/versions/2.3.1/lib/ruby/gems/2.3.0/gems/actionpack-5.0.0.1/lib/action_dispatch/middleware/templates/rescues/_trace.html.erb
  Rendered /Users/chrisdielschnieder/.rbenv/versions/2.3.1/lib/ruby/gems/2.3.0/gems/actionpack-5.0.0.1/lib/action_dispatch/middleware/templates/rescues/_trace.html.erb (1.6ms)
  Rendering /Users/chrisdielschnieder/.rbenv/versions/2.3.1/lib/ruby/gems/2.3.0/gems/actionpack-5.0.0.1/lib/action_dispatch/middleware/templates/rescues/_request_and_response.html.erb
  Rendered /Users/chrisdielschnieder/.rbenv/versions/2.3.1/lib/ruby/gems/2.3.0/gems/actionpack-5.0.0.1/lib/action_dispatch/middleware/templates/rescues/_request_and_response.html.erb (1.0ms)
  Rendered /Users/chrisdielschnieder/.rbenv/versions/2.3.1/lib/ruby/gems/2.3.0/gems/actionpack-5.0.0.1/lib/action_dispatch/middleware/templates/rescues/diagnostics.html.erb within rescues/layout (82.0ms)
  [1m[36mActiveRecord::SchemaMigration Load (0.1ms)[0m  [1m[34mSELECT "schema_migrations".* FROM "schema_migrations"[0m
Migrating to SorceryCore (20160927193750)
  [1m[35m (0.1ms)[0m  [1m[36mbegin transaction[0m
DEPRECATION WARNING: Directly inheriting from ActiveRecord::Migration is deprecated. Please specify the Rails release the migration was written for:

  class SorceryCore < ActiveRecord::Migration[4.2] (called from load at /Users/chrisdielschnieder/.rbenv/versions/2.3.1/bin/rake:22)
  [1m[35m (0.2ms)[0m  [1m[35mCREATE TABLE "users" ("id" INTEGER PRIMARY KEY AUTOINCREMENT NOT NULL, "email" varchar NOT NULL, "crypted_password" varchar, "salt" varchar, "created_at" datetime, "updated_at" datetime)[0m
  [1m[35m (0.0ms)[0m  [1m[31mrollback transaction[0m
  [1m[36mActiveRecord::SchemaMigration Load (0.2ms)[0m  [1m[34mSELECT "schema_migrations".* FROM "schema_migrations"[0m
  [1m[35m (0.1ms)[0m  [1m[34mSELECT "ar_internal_metadata"."value" FROM "ar_internal_metadata" WHERE "ar_internal_metadata"."key" = ?[0m  [["key", :environment]]
  [1m[36mActiveRecord::SchemaMigration Load (0.1ms)[0m  [1m[34mSELECT "schema_migrations".* FROM "schema_migrations"[0m
Migrating to SorceryCore (20160927193750)
  [1m[35m (0.1ms)[0m  [1m[36mbegin transaction[0m
DEPRECATION WARNING: Directly inheriting from ActiveRecord::Migration is deprecated. Please specify the Rails release the migration was written for:

  class SorceryCore < ActiveRecord::Migration[4.2] (called from require at /Users/chrisdielschnieder/Desktop/bitmaker_work/rails/boatshare/bin/rails:9)
  [1m[35m (0.5ms)[0m  [1m[35mCREATE TABLE "users" ("id" INTEGER PRIMARY KEY AUTOINCREMENT NOT NULL, "email" varchar NOT NULL, "crypted_password" varchar, "salt" varchar, "created_at" datetime, "updated_at" datetime)[0m
  [1m[35m (0.1ms)[0m  [1m[31mrollback transaction[0m
  [1m[36mActiveRecord::SchemaMigration Load (0.1ms)[0m  [1m[34mSELECT "schema_migrations".* FROM "schema_migrations"[0m
Migrating to SorceryCore (20160927193750)
  [1m[35m (0.1ms)[0m  [1m[36mbegin transaction[0m
DEPRECATION WARNING: Directly inheriting from ActiveRecord::Migration is deprecated. Please specify the Rails release the migration was written for:

  class SorceryCore < ActiveRecord::Migration[4.2] (called from require at /Users/chrisdielschnieder/Desktop/bitmaker_work/rails/boatshare/bin/rails:9)
  [1m[35m (0.3ms)[0m  [1m[35mCREATE TABLE "users" ("id" INTEGER PRIMARY KEY AUTOINCREMENT NOT NULL, "email" varchar NOT NULL, "crypted_password" varchar, "salt" varchar, "created_at" datetime, "updated_at" datetime)[0m
  [1m[35m (0.0ms)[0m  [1m[31mrollback transaction[0m
  [1m[35m (0.2ms)[0m  [1m[34mSELECT "schema_migrations"."version" FROM "schema_migrations"[0m
  [1m[36mActiveRecord::SchemaMigration Load (0.5ms)[0m  [1m[34mSELECT "schema_migrations".* FROM "schema_migrations"[0m
Migrating to SorceryCore (20160927193750)
  [1m[35m (0.1ms)[0m  [1m[36mbegin transaction[0m
DEPRECATION WARNING: Directly inheriting from ActiveRecord::Migration is deprecated. Please specify the Rails release the migration was written for:

  class SorceryCore < ActiveRecord::Migration[4.2] (called from require at /Users/chrisdielschnieder/Desktop/bitmaker_work/rails/boatshare/bin/rails:9)
  [1m[35m (0.4ms)[0m  [1m[35mALTER TABLE "users" ADD "crypted_password" varchar[0m
  [1m[35m (0.2ms)[0m  [1m[35mALTER TABLE "users" ADD "salt" varchar[0m
  [1m[35m (0.1ms)[0m  [1m[34mselect sqlite_version(*)[0m
  [1m[35m (0.3ms)[0m  [1m[35mCREATE UNIQUE INDEX "index_users_on_email" ON "users" ("email")[0m
  [1m[35mSQL (0.3ms)[0m  [1m[32mINSERT INTO "schema_migrations" ("version") VALUES (?)[0m  [["version", "20160927193750"]]
  [1m[35m (1.0ms)[0m  [1m[36mcommit transaction[0m
  [1m[36mActiveRecord::InternalMetadata Load (0.3ms)[0m  [1m[34mSELECT  "ar_internal_metadata".* FROM "ar_internal_metadata" WHERE "ar_internal_metadata"."key" = ? LIMIT ?[0m  [["key", :environment], ["LIMIT", 1]]
  [1m[35m (0.1ms)[0m  [1m[36mbegin transaction[0m
  [1m[35mSQL (0.3ms)[0m  [1m[32mINSERT INTO "ar_internal_metadata" ("key", "value", "created_at", "updated_at") VALUES (?, ?, ?, ?)[0m  [["key", "environment"], ["value", "development"], ["created_at", 2016-09-27 19:58:15 UTC], ["updated_at", 2016-09-27 19:58:15 UTC]]
  [1m[35m (1.2ms)[0m  [1m[36mcommit transaction[0m
  [1m[36mActiveRecord::SchemaMigration Load (0.1ms)[0m  [1m[34mSELECT "schema_migrations".* FROM "schema_migrations"[0m
  [1m[35m (0.3ms)[0m  [1m[34m            SELECT sql
            FROM sqlite_master
            WHERE name='index_users_on_email' AND type='index'
            UNION ALL
            SELECT sql
            FROM sqlite_temp_master
            WHERE name='index_users_on_email' AND type='index'
[0m
Started GET "/" for ::1 at 2016-09-27 16:23:50 -0400
  [1m[36mActiveRecord::SchemaMigration Load (0.6ms)[0m  [1m[34mSELECT "schema_migrations".* FROM "schema_migrations"[0m
Processing by Rails::WelcomeController#index as HTML
  Parameters: {"internal"=>true}
  Rendering /Users/cfrnch/.rbenv/versions/2.3.1/lib/ruby/gems/2.3.0/gems/railties-5.0.0.1/lib/rails/templates/rails/welcome/index.html.erb
  Rendered /Users/cfrnch/.rbenv/versions/2.3.1/lib/ruby/gems/2.3.0/gems/railties-5.0.0.1/lib/rails/templates/rails/welcome/index.html.erb (5.6ms)
Completed 200 OK in 29ms (Views: 13.5ms | ActiveRecord: 0.0ms)


Started GET "/users" for ::1 at 2016-09-27 16:24:03 -0400
Processing by UsersController#index as HTML
  Rendering users/index.html.erb within layouts/application
  [1m[36mUser Load (0.6ms)[0m  [1m[34mSELECT "users".* FROM "users"[0m
  Rendered users/index.html.erb within layouts/application (7.3ms)
Completed 200 OK in 1024ms (Views: 1016.2ms | ActiveRecord: 0.9ms)


Started GET "/users/new" for ::1 at 2016-09-27 16:24:08 -0400
Processing by UsersController#new as HTML
  Rendering users/new.html.erb within layouts/application
  Rendered users/_form.html.erb (26.6ms)
  Rendered users/new.html.erb within layouts/application (29.5ms)
Completed 200 OK in 80ms (Views: 64.7ms | ActiveRecord: 1.2ms)


Started POST "/users" for ::1 at 2016-09-27 16:24:25 -0400
Processing by UsersController#create as HTML
  Parameters: {"utf8"=>"✓", "authenticity_token"=>"OxeNOUPwz6Rb4gzbrR323lah1rgAvHnZQotLaQzMf/2vboTsoEg+Ig+M67Gp6k9lalDGE80vRwQ1Y5Au7t46hw==", "user"=>{"password"=>"[FILTERED]", "password_confirmation"=>"[FILTERED]"}, "commit"=>"Create User"}
  [1m[35m (0.5ms)[0m  [1m[36mbegin transaction[0m
  [1m[36mUser Exists (0.6ms)[0m  [1m[34mSELECT  1 AS one FROM "users" WHERE "users"."email" IS NULL LIMIT ?[0m  [["LIMIT", 1]]
  [1m[35mSQL (0.8ms)[0m  [1m[32mINSERT INTO "users" ("created_at", "updated_at", "crypted_password", "salt") VALUES (?, ?, ?, ?)[0m  [["created_at", 2016-09-27 20:24:25 UTC], ["updated_at", 2016-09-27 20:24:25 UTC], ["crypted_password", "$2a$10$4rfK3xdB6c9yOS6QVak6RuVLNgsWTHzTMKEJHcebC4ZV.Z7QTmlXS"], ["salt", "DBntbqHh3LbmpEHBHmKi"]]
  [1m[35m (0.9ms)[0m  [1m[36mcommit transaction[0m
Redirected to http://localhost:3000/users/1
Completed 302 Found in 103ms (ActiveRecord: 2.7ms)


Started GET "/users/1" for ::1 at 2016-09-27 16:24:25 -0400
Processing by UsersController#show as HTML
  Parameters: {"id"=>"1"}
  [1m[36mUser Load (0.2ms)[0m  [1m[34mSELECT  "users".* FROM "users" WHERE "users"."id" = ? LIMIT ?[0m  [["id", 1], ["LIMIT", 1]]
  Rendering users/show.html.erb within layouts/application
  Rendered users/show.html.erb within layouts/application (1.4ms)
Completed 200 OK in 49ms (Views: 42.4ms | ActiveRecord: 0.2ms)


Started GET "/users/1" for ::1 at 2016-09-27 16:28:39 -0400
Processing by UsersController#show as HTML
  Parameters: {"id"=>"1"}
  [1m[36mUser Load (0.3ms)[0m  [1m[34mSELECT  "users".* FROM "users" WHERE "users"."id" = ? LIMIT ?[0m  [["id", 1], ["LIMIT", 1]]
  Rendering users/show.html.erb within layouts/application
  Rendered users/show.html.erb within layouts/application (2.0ms)
Completed 200 OK in 64ms (Views: 59.7ms | ActiveRecord: 0.3ms)


Started GET "/users/" for ::1 at 2016-09-27 16:28:42 -0400
Processing by UsersController#index as HTML
  Rendering users/index.html.erb within layouts/application
  [1m[36mUser Load (0.3ms)[0m  [1m[34mSELECT "users".* FROM "users"[0m
  Rendered users/index.html.erb within layouts/application (2.3ms)
Completed 200 OK in 48ms (Views: 45.0ms | ActiveRecord: 0.3ms)


Started GET "/users/new" for ::1 at 2016-09-27 16:28:46 -0400
Processing by UsersController#new as HTML
  Rendering users/new.html.erb within layouts/application
  Rendered users/_form.html.erb (2.6ms)
  Rendered users/new.html.erb within layouts/application (5.1ms)
Completed 200 OK in 38ms (Views: 28.0ms | ActiveRecord: 0.0ms)


Started POST "/users" for ::1 at 2016-09-27 16:28:52 -0400
Processing by UsersController#create as HTML
  Parameters: {"utf8"=>"✓", "authenticity_token"=>"2pT79BmDL4M40ob3j8zZxmBLvStn70IppfsF0IjflD1O7fIh+jveBWy8YZ2LO2B9XLqtgKp8fPTSE96Xas3RRw==", "user"=>{"password"=>"[FILTERED]", "password_confirmation"=>"[FILTERED]"}, "commit"=>"Create User"}
  [1m[35m (0.1ms)[0m  [1m[36mbegin transaction[0m
  [1m[36mUser Exists (0.2ms)[0m  [1m[34mSELECT  1 AS one FROM "users" WHERE "users"."email" IS NULL LIMIT ?[0m  [["LIMIT", 1]]
  [1m[35m (0.1ms)[0m  [1m[31mrollback transaction[0m
  Rendering users/new.html.erb within layouts/application
  Rendered users/_form.html.erb (3.3ms)
  Rendered users/new.html.erb within layouts/application (5.9ms)
Completed 200 OK in 98ms (Views: 25.5ms | ActiveRecord: 0.3ms)


Started GET "/users" for ::1 at 2016-09-27 16:28:56 -0400
Processing by UsersController#index as HTML
  Rendering users/index.html.erb within layouts/application
  [1m[36mUser Load (0.3ms)[0m  [1m[34mSELECT "users".* FROM "users"[0m
  Rendered users/index.html.erb within layouts/application (2.6ms)
Completed 200 OK in 30ms (Views: 27.5ms | ActiveRecord: 0.3ms)


Started GET "/users/new" for ::1 at 2016-09-27 16:28:58 -0400
Processing by UsersController#new as HTML
  Rendering users/new.html.erb within layouts/application
  Rendered users/_form.html.erb (3.5ms)
  Rendered users/new.html.erb within layouts/application (6.2ms)
Completed 200 OK in 39ms (Views: 35.0ms | ActiveRecord: 0.0ms)


Started GET "/users/new" for ::1 at 2016-09-27 16:33:48 -0400
Processing by UsersController#new as HTML
  Rendering users/new.html.erb within layouts/application
  Rendered users/_form.html.erb (5.8ms)
  Rendered users/new.html.erb within layouts/application (8.1ms)
Completed 200 OK in 44ms (Views: 40.3ms | ActiveRecord: 0.0ms)


Started GET "/users" for ::1 at 2016-09-27 16:33:50 -0400
Processing by UsersController#index as HTML
  Rendering users/index.html.erb within layouts/application
  [1m[36mUser Load (0.2ms)[0m  [1m[34mSELECT "users".* FROM "users"[0m
  Rendered users/index.html.erb within layouts/application (1.8ms)
Completed 200 OK in 26ms (Views: 23.5ms | ActiveRecord: 0.2ms)


Started GET "/users" for ::1 at 2016-09-27 16:33:53 -0400
Processing by UsersController#index as HTML
  Rendering users/index.html.erb within layouts/application
  [1m[36mUser Load (0.1ms)[0m  [1m[34mSELECT "users".* FROM "users"[0m
  Rendered users/index.html.erb within layouts/application (1.7ms)
Completed 200 OK in 24ms (Views: 22.2ms | ActiveRecord: 0.1ms)


Started GET "/users/new" for ::1 at 2016-09-27 16:33:55 -0400
Processing by UsersController#new as HTML
  Rendering users/new.html.erb within layouts/application
  Rendered users/_form.html.erb (3.9ms)
  Rendered users/new.html.erb within layouts/application (7.6ms)
Completed 200 OK in 48ms (Views: 45.1ms | ActiveRecord: 0.0ms)


Started POST "/users" for ::1 at 2016-09-27 16:34:09 -0400
Processing by UsersController#create as HTML
  Parameters: {"utf8"=>"✓", "authenticity_token"=>"YTmdfygvM+X7dLya4g4GTksdSKe09lh68eSZVrY7Uuv1QJSqy5fCY68aW/Dm+b/1d+xYDHllZqeGDEIRVCkXkQ==", "user"=>{"name"=>"Captain Chris", "email"=>"chris@captain.com", "password"=>"[FILTERED]", "password_confirmation"=>"[FILTERED]"}, "commit"=>"Create User"}
Unpermitted parameter: name
  [1m[35m (0.1ms)[0m  [1m[36mbegin transaction[0m
  [1m[36mUser Exists (0.2ms)[0m  [1m[34mSELECT  1 AS one FROM "users" WHERE "users"."email" = ? LIMIT ?[0m  [["email", "chris@captain.com"], ["LIMIT", 1]]
  [1m[35mSQL (0.4ms)[0m  [1m[32mINSERT INTO "users" ("email", "created_at", "updated_at", "crypted_password", "salt") VALUES (?, ?, ?, ?, ?)[0m  [["email", "chris@captain.com"], ["created_at", 2016-09-27 20:34:09 UTC], ["updated_at", 2016-09-27 20:34:09 UTC], ["crypted_password", "$2a$10$fhj.UrRBQe5k6H/Cd7/uYObxeTG1wqIo2/gz8RFuFnWXxVUG/IMsG"], ["salt", "94x6CWyiMnFZZbmvHftx"]]
  [1m[35m (1.8ms)[0m  [1m[36mcommit transaction[0m
Redirected to http://localhost:3000/users/2
Completed 302 Found in 75ms (ActiveRecord: 2.6ms)


Started GET "/users/2" for ::1 at 2016-09-27 16:34:09 -0400
Processing by UsersController#show as HTML
  Parameters: {"id"=>"2"}
  [1m[36mUser Load (0.2ms)[0m  [1m[34mSELECT  "users".* FROM "users" WHERE "users"."id" = ? LIMIT ?[0m  [["id", 2], ["LIMIT", 1]]
  Rendering users/show.html.erb within layouts/application
  Rendered users/show.html.erb within layouts/application (0.7ms)
Completed 200 OK in 29ms (Views: 25.7ms | ActiveRecord: 0.2ms)


Started GET "/users" for ::1 at 2016-09-27 16:34:11 -0400
Processing by UsersController#index as HTML
  Rendering users/index.html.erb within layouts/application
  [1m[36mUser Load (0.2ms)[0m  [1m[34mSELECT "users".* FROM "users"[0m
  Rendered users/index.html.erb within layouts/application (3.7ms)
Completed 200 OK in 43ms (Views: 37.9ms | ActiveRecord: 0.2ms)


Started DELETE "/users/1" for ::1 at 2016-09-27 16:34:20 -0400
Processing by UsersController#destroy as HTML
  Parameters: {"authenticity_token"=>"E76EU4LOSefJ5WFSqTAZUJcdOaWh05kaTbOGu9fhJlTxCDXJkhYquLjSHT9gAe9JH0G8P7dcQWldQE6INDr3eQ==", "id"=>"1"}
  [1m[36mUser Load (0.1ms)[0m  [1m[34mSELECT  "users".* FROM "users" WHERE "users"."id" = ? LIMIT ?[0m  [["id", 1], ["LIMIT", 1]]
  [1m[35m (0.1ms)[0m  [1m[36mbegin transaction[0m
  [1m[35mSQL (0.5ms)[0m  [1m[31mDELETE FROM "users" WHERE "users"."id" = ?[0m  [["id", 1]]
  [1m[35m (7.0ms)[0m  [1m[36mcommit transaction[0m
Redirected to http://localhost:3000/users
Completed 302 Found in 12ms (ActiveRecord: 7.8ms)


Started GET "/users" for ::1 at 2016-09-27 16:34:20 -0400
Processing by UsersController#index as HTML
  Rendering users/index.html.erb within layouts/application
  [1m[36mUser Load (0.3ms)[0m  [1m[34mSELECT "users".* FROM "users"[0m
  Rendered users/index.html.erb within layouts/application (4.9ms)
Completed 200 OK in 48ms (Views: 45.1ms | ActiveRecord: 0.3ms)


Started GET "/users" for ::1 at 2016-09-27 16:35:07 -0400
Processing by UsersController#index as HTML
  Rendering users/index.html.erb within layouts/application
  [1m[36mUser Load (0.2ms)[0m  [1m[34mSELECT "users".* FROM "users"[0m
  Rendered users/index.html.erb within layouts/application (1.8ms)
Completed 200 OK in 36ms (Views: 33.2ms | ActiveRecord: 0.2ms)


Started GET "/users/new" for ::1 at 2016-09-27 16:35:09 -0400
Processing by UsersController#new as HTML
  Rendering users/new.html.erb within layouts/application
  Rendered users/_form.html.erb (4.1ms)
  Rendered users/new.html.erb within layouts/application (6.9ms)
Completed 200 OK in 44ms (Views: 41.0ms | ActiveRecord: 0.0ms)


Started POST "/users" for ::1 at 2016-09-27 16:35:23 -0400
Processing by UsersController#create as HTML
  Parameters: {"utf8"=>"✓", "authenticity_token"=>"e3GsxTV7b1BcBcpYbXRN4l9Z4thQ9qvr015Gq1g+pzHvCKUQ1sOe1ghrLTJpg/RZY6jyc51llTaktp3suiziSw==", "user"=>{"name"=>"Captain Alex", "email"=>"alex@captain.com", "password"=>"[FILTERED]", "password_confirmation"=>"[FILTERED]"}, "commit"=>"Create User"}
Unpermitted parameter: name
  [1m[35m (0.1ms)[0m  [1m[36mbegin transaction[0m
  [1m[36mUser Exists (0.2ms)[0m  [1m[34mSELECT  1 AS one FROM "users" WHERE "users"."email" = ? LIMIT ?[0m  [["email", "alex@captain.com"], ["LIMIT", 1]]
  [1m[35mSQL (0.4ms)[0m  [1m[32mINSERT INTO "users" ("email", "created_at", "updated_at", "crypted_password", "salt") VALUES (?, ?, ?, ?, ?)[0m  [["email", "alex@captain.com"], ["created_at", 2016-09-27 20:35:23 UTC], ["updated_at", 2016-09-27 20:35:23 UTC], ["crypted_password", "$2a$10$ccuwDtWJsMTWdUT0oWrfIuMoC6S4.UBca4b2VmcaAHf0vbb3DYTaW"], ["salt", "sWQiAhvjTYWuznUDNofE"]]
  [1m[35m (1.3ms)[0m  [1m[36mcommit transaction[0m
Redirected to http://localhost:3000/users/3
Completed 302 Found in 74ms (ActiveRecord: 2.1ms)


Started GET "/users/3" for ::1 at 2016-09-27 16:35:23 -0400
Processing by UsersController#show as HTML
  Parameters: {"id"=>"3"}
  [1m[36mUser Load (0.1ms)[0m  [1m[34mSELECT  "users".* FROM "users" WHERE "users"."id" = ? LIMIT ?[0m  [["id", 3], ["LIMIT", 1]]
  Rendering users/show.html.erb within layouts/application
  Rendered users/show.html.erb within layouts/application (0.7ms)
Completed 200 OK in 24ms (Views: 21.4ms | ActiveRecord: 0.1ms)


Started GET "/users/" for ::1 at 2016-09-27 16:35:26 -0400
Processing by UsersController#index as HTML
  Rendering users/index.html.erb within layouts/application
  [1m[36mUser Load (0.1ms)[0m  [1m[34mSELECT "users".* FROM "users"[0m
  Rendered users/index.html.erb within layouts/application (1.7ms)
Completed 200 OK in 22ms (Views: 19.8ms | ActiveRecord: 0.1ms)


